<?xml version="1.0" encoding="UTF-8"?>
<!-- Generated by org.testng.reporters.JUnitXMLReporter -->
<testsuite ignored="0" hostname="SRIDHARAN" failures="0" tests="3" name="Default test" time="136.95" errors="0" timestamp="2025-09-18T10:04:12 IST">
  <testcase classname="flipkart.FlipkartToExcelfile" name="getProductInfo" time="25.995"/>
  <testcase classname="flipkart.FlipkartToExcelfile" name="getProductInfo" time="45.468"/>
  <testcase classname="flipkart.FlipkartToExcelfile" name="getProductInfo" time="60.036"/>
</testsuite> <!-- Default test -->
