<?xml version="1.0" encoding="UTF-8"?>
<!-- Generated by org.testng.reporters.JUnitXMLReporter -->
<testsuite ignored="0" hostname="SRIDHARAN" failures="0" tests="3" name="Test" time="183.337" errors="0" timestamp="2025-09-25T11:29:20 IST">
  <testcase classname="flipkart.FlipkartToExcelfile" name="getProductInfo" time="58.942"/>
  <testcase classname="flipkart.FlipkartToExcelfile" name="getProductInfo" time="57.918"/>
  <testcase classname="flipkart.FlipkartToExcelfile" name="getProductInfo" time="56.939"/>
</testsuite> <!-- Test -->
